<?xml version="1.0" encoding="UTF-8"?>
<!-- Generated by org.testng.reporters.JUnitReportReporter -->
<testsuite hostname="EC2AMAZ-S11DBRH" failures="0" tests="1" name="testScripts.LoginPageTest" time="4.856" errors="0" timestamp="2024-05-05T14:27:53 GMT" skipped="0">
  <testcase classname="testScripts.LoginPageTest" name="validLogin" time="4.856"/>
  <system-out/>
</testsuite> <!-- testScripts.LoginPageTest -->
